Change component parameters: Designator = "C1"; Footprint = "0402[IMP]"; UniqueID = "\WFNQDKDJ"
Change component parameters. Clean all parameters for all variants
Change component parameters (AddParameter): Name = "CLASS"; Value = "DISCRETE"; VariantName = "[No Variations]"
Change component parameters (AddParameter): Name = "CURRENT"; Value = "CIMAX"; VariantName = "[No Variations]"
Change component parameters (AddParameter): Name = "DIST"; Value = "FLAT"; VariantName = "[No Variations]"
Change component parameters (AddParameter): Name = "IC"; Value = ""; VariantName = "[No Variations]"
Change component parameters (AddParameter): Name = "KNEE"; Value = "CBMAX"; VariantName = "[No Variations]"
Change component parameters (AddParameter): Name = "MAX_TEMP"; Value = "CTMAX"; VariantName = "[No Variations]"
Change component parameters (AddParameter): Name = "PSpiceTemplate"; Value = "C^@REFDES %1 %2 ?TOLERANCE|C^@REFDES| @VALUE ?IC/IC=@IC/ TC=@TC1,@TC2 ?TOLERANCE|\n.model C^@REFDES CAP C=1 DEV=@TOLERANCE%|"; VariantName = "[No Variations]"
Change component parameters (AddParameter): Name = "SLOPE"; Value = "CSMAX"; VariantName = "[No Variations]"
Change component parameters (AddParameter): Name = "Supplier 1"; Value = "Digi-Key"; VariantName = "[No Variations]"
Change component parameters (AddParameter): Name = "Supplier Part Number 1"; Value = "399-1056-1-ND"; VariantName = "[No Variations]"
Change component parameters (AddParameter): Name = "TC1"; Value = "0"; VariantName = "[No Variations]"
Change component parameters (AddParameter): Name = "TC2"; Value = "0"; VariantName = "[No Variations]"
Change component parameters (AddParameter): Name = "TOLERANCE"; Value = ""; VariantName = "[No Variations]"
Change component parameters (AddParameter): Name = "Value"; Value = "47pF"; VariantName = "[No Variations]"
Change component parameters (AddParameter): Name = "VOLTAGE"; Value = "CMAX"; VariantName = "[No Variations]"
Change component parameters: Designator = "C2"; Footprint = "0402[IMP]"; UniqueID = "\FTGKRMEA"
Change component parameters. Clean all parameters for all variants
Change component parameters (AddParameter): Name = "CLASS"; Value = "DISCRETE"; VariantName = "[No Variations]"
Change component parameters (AddParameter): Name = "CURRENT"; Value = "CIMAX"; VariantName = "[No Variations]"
Change component parameters (AddParameter): Name = "DIST"; Value = "FLAT"; VariantName = "[No Variations]"
Change component parameters (AddParameter): Name = "IC"; Value = ""; VariantName = "[No Variations]"
Change component parameters (AddParameter): Name = "KNEE"; Value = "CBMAX"; VariantName = "[No Variations]"
Change component parameters (AddParameter): Name = "MAX_TEMP"; Value = "CTMAX"; VariantName = "[No Variations]"
Change component parameters (AddParameter): Name = "PSpiceTemplate"; Value = "C^@REFDES %1 %2 ?TOLERANCE|C^@REFDES| @VALUE ?IC/IC=@IC/ TC=@TC1,@TC2 ?TOLERANCE|\n.model C^@REFDES CAP C=1 DEV=@TOLERANCE%|"; VariantName = "[No Variations]"
Change component parameters (AddParameter): Name = "SLOPE"; Value = "CSMAX"; VariantName = "[No Variations]"
Change component parameters (AddParameter): Name = "Supplier 1"; Value = "Digi-Key"; VariantName = "[No Variations]"
Change component parameters (AddParameter): Name = "Supplier 2"; Value = "Digi-Key"; VariantName = "[No Variations]"
Change component parameters (AddParameter): Name = "Supplier Part Number 1"; Value = "311-1018-1-ND"; VariantName = "[No Variations]"
Change component parameters (AddParameter): Name = "Supplier Part Number 2"; Value = "399-1197-1-ND"; VariantName = "[No Variations]"
Change component parameters (AddParameter): Name = "TC1"; Value = "0"; VariantName = "[No Variations]"
Change component parameters (AddParameter): Name = "TC2"; Value = "0"; VariantName = "[No Variations]"
Change component parameters (AddParameter): Name = "TOLERANCE"; Value = ""; VariantName = "[No Variations]"
Change component parameters (AddParameter): Name = "Value"; Value = "22pF"; VariantName = "[No Variations]"
Change component parameters (AddParameter): Name = "VOLTAGE"; Value = "CMAX"; VariantName = "[No Variations]"
Change component parameters: Designator = "C3"; Footprint = "0402[IMP]"; UniqueID = "\BVDNQPRA"
Change component parameters. Clean all parameters for all variants
Change component parameters (AddParameter): Name = "CLASS"; Value = "DISCRETE"; VariantName = "[No Variations]"
Change component parameters (AddParameter): Name = "CURRENT"; Value = "CIMAX"; VariantName = "[No Variations]"
Change component parameters (AddParameter): Name = "DIST"; Value = "FLAT"; VariantName = "[No Variations]"
Change component parameters (AddParameter): Name = "IC"; Value = ""; VariantName = "[No Variations]"
Change component parameters (AddParameter): Name = "KNEE"; Value = "CBMAX"; VariantName = "[No Variations]"
Change component parameters (AddParameter): Name = "MAX_TEMP"; Value = "CTMAX"; VariantName = "[No Variations]"
Change component parameters (AddParameter): Name = "PSpiceTemplate"; Value = "C^@REFDES %1 %2 ?TOLERANCE|C^@REFDES| @VALUE ?IC/IC=@IC/ TC=@TC1,@TC2 ?TOLERANCE|\n.model C^@REFDES CAP C=1 DEV=@TOLERANCE%|"; VariantName = "[No Variations]"
Change component parameters (AddParameter): Name = "SLOPE"; Value = "CSMAX"; VariantName = "[No Variations]"
Change component parameters (AddParameter): Name = "Supplier 1"; Value = "Digi-Key"; VariantName = "[No Variations]"
Change component parameters (AddParameter): Name = "Supplier 2"; Value = "Digi-Key"; VariantName = "[No Variations]"
Change component parameters (AddParameter): Name = "Supplier Part Number 1"; Value = "311-1018-1-ND"; VariantName = "[No Variations]"
Change component parameters (AddParameter): Name = "Supplier Part Number 2"; Value = "478-1685-1-ND"; VariantName = "[No Variations]"
Change component parameters (AddParameter): Name = "TC1"; Value = "0"; VariantName = "[No Variations]"
Change component parameters (AddParameter): Name = "TC2"; Value = "0"; VariantName = "[No Variations]"
Change component parameters (AddParameter): Name = "TOLERANCE"; Value = ""; VariantName = "[No Variations]"
Change component parameters (AddParameter): Name = "Value"; Value = "3.3uF"; VariantName = "[No Variations]"
Change component parameters (AddParameter): Name = "VOLTAGE"; Value = "CMAX"; VariantName = "[No Variations]"
Change component parameters: Designator = "U2"; Footprint = "MSOP-8"; UniqueID = "\BHUAXJBW"
Change component parameters. Clean all parameters for all variants
Change component parameters (AddParameter): Name = "Supplier 1"; Value = "Digi-Key"; VariantName = "[No Variations]"
Change component parameters (AddParameter): Name = "Supplier 2"; Value = "Digi-Key"; VariantName = "[No Variations]"
Change component parameters (AddParameter): Name = "Supplier Part Number 1"; Value = "AD8607ARMZ-R2CT-ND"; VariantName = "[No Variations]"
Change component parameters (AddParameter): Name = "Supplier Part Number 2"; Value = "AD8607ARZ-ND"; VariantName = "[No Variations]"
Added Component: Designator=C5(0402[IMP])
Add component. Clean all parameters for all variants
Add component (AddParameter): Name = "CLASS"; Value = "DISCRETE"; VariantName = "[No Variations]"
Add component (AddParameter): Name = "CURRENT"; Value = "CIMAX"; VariantName = "[No Variations]"
Add component (AddParameter): Name = "DIST"; Value = "FLAT"; VariantName = "[No Variations]"
Add component (AddParameter): Name = "IC"; Value = ""; VariantName = "[No Variations]"
Add component (AddParameter): Name = "KNEE"; Value = "CBMAX"; VariantName = "[No Variations]"
Add component (AddParameter): Name = "MAX_TEMP"; Value = "CTMAX"; VariantName = "[No Variations]"
Add component (AddParameter): Name = "PSpiceTemplate"; Value = "C^@REFDES %1 %2 ?TOLERANCE|C^@REFDES| @VALUE ?IC/IC=@IC/ TC=@TC1,@TC2 ?TOLERANCE|\n.model C^@REFDES CAP C=1 DEV=@TOLERANCE%|"; VariantName = "[No Variations]"
Add component (AddParameter): Name = "SLOPE"; Value = "CSMAX"; VariantName = "[No Variations]"
Add component (AddParameter): Name = "Supplier 1"; Value = "Digi-Key"; VariantName = "[No Variations]"
Add component (AddParameter): Name = "Supplier 2"; Value = "Digi-Key"; VariantName = "[No Variations]"
Add component (AddParameter): Name = "Supplier Part Number 1"; Value = "311-1018-1-ND"; VariantName = "[No Variations]"
Add component (AddParameter): Name = "Supplier Part Number 2"; Value = "399-1197-1-ND"; VariantName = "[No Variations]"
Add component (AddParameter): Name = "TC1"; Value = "0"; VariantName = "[No Variations]"
Add component (AddParameter): Name = "TC2"; Value = "0"; VariantName = "[No Variations]"
Add component (AddParameter): Name = "TOLERANCE"; Value = ""; VariantName = "[No Variations]"
Add component (AddParameter): Name = "Value"; Value = ".1uF"; VariantName = "[No Variations]"
Add component (AddParameter): Name = "VOLTAGE"; Value = "CMAX"; VariantName = "[No Variations]"
Added Component: Designator=C6(0402[IMP])
Add component. Clean all parameters for all variants
Add component (AddParameter): Name = "CLASS"; Value = "DISCRETE"; VariantName = "[No Variations]"
Add component (AddParameter): Name = "CURRENT"; Value = "CIMAX"; VariantName = "[No Variations]"
Add component (AddParameter): Name = "DIST"; Value = "FLAT"; VariantName = "[No Variations]"
Add component (AddParameter): Name = "IC"; Value = ""; VariantName = "[No Variations]"
Add component (AddParameter): Name = "KNEE"; Value = "CBMAX"; VariantName = "[No Variations]"
Add component (AddParameter): Name = "MAX_TEMP"; Value = "CTMAX"; VariantName = "[No Variations]"
Add component (AddParameter): Name = "PSpiceTemplate"; Value = "C^@REFDES %1 %2 ?TOLERANCE|C^@REFDES| @VALUE ?IC/IC=@IC/ TC=@TC1,@TC2 ?TOLERANCE|\n.model C^@REFDES CAP C=1 DEV=@TOLERANCE%|"; VariantName = "[No Variations]"
Add component (AddParameter): Name = "SLOPE"; Value = "CSMAX"; VariantName = "[No Variations]"
Add component (AddParameter): Name = "Supplier 1"; Value = "Digi-Key"; VariantName = "[No Variations]"
Add component (AddParameter): Name = "Supplier 2"; Value = "Digi-Key"; VariantName = "[No Variations]"
Add component (AddParameter): Name = "Supplier Part Number 1"; Value = "311-1018-1-ND"; VariantName = "[No Variations]"
Add component (AddParameter): Name = "Supplier Part Number 2"; Value = "399-1197-1-ND"; VariantName = "[No Variations]"
Add component (AddParameter): Name = "TC1"; Value = "0"; VariantName = "[No Variations]"
Add component (AddParameter): Name = "TC2"; Value = "0"; VariantName = "[No Variations]"
Add component (AddParameter): Name = "TOLERANCE"; Value = ""; VariantName = "[No Variations]"
Add component (AddParameter): Name = "Value"; Value = "10uF"; VariantName = "[No Variations]"
Add component (AddParameter): Name = "VOLTAGE"; Value = "CMAX"; VariantName = "[No Variations]"
Added Pin To Net: NetName=GND Pin=C5-1
Added Pin To Net: NetName=GND Pin=C6-1
Added Net: Name=GND
Added Pin To Net: NetName=VCC Pin=C5-2
Added Pin To Net: NetName=VCC Pin=C6-2
Added Net: Name=VCC
Added Member To Class: ClassName=Active_Electrode Member=Component C5 .1uF
Added Member To Class: ClassName=Active_Electrode Member=Component C6 10uF
Added Room: Name=Active_Electrode
