Added Component: Designator=C7(0402[IMP])
Add component. Clean all parameters for all variants
Add component (AddParameter): Name = "CLASS"; Value = "DISCRETE"; VariantName = "[No Variations]"
Add component (AddParameter): Name = "CURRENT"; Value = "CIMAX"; VariantName = "[No Variations]"
Add component (AddParameter): Name = "DIST"; Value = "FLAT"; VariantName = "[No Variations]"
Add component (AddParameter): Name = "IC"; Value = ""; VariantName = "[No Variations]"
Add component (AddParameter): Name = "KNEE"; Value = "CBMAX"; VariantName = "[No Variations]"
Add component (AddParameter): Name = "MAX_TEMP"; Value = "CTMAX"; VariantName = "[No Variations]"
Add component (AddParameter): Name = "PSpiceTemplate"; Value = "C^@REFDES %1 %2 ?TOLERANCE|C^@REFDES| @VALUE ?IC/IC=@IC/ TC=@TC1,@TC2 ?TOLERANCE|\n.model C^@REFDES CAP C=1 DEV=@TOLERANCE%|"; VariantName = "[No Variations]"
Add component (AddParameter): Name = "SLOPE"; Value = "CSMAX"; VariantName = "[No Variations]"
Add component (AddParameter): Name = "Supplier 1"; Value = "Digi-Key"; VariantName = "[No Variations]"
Add component (AddParameter): Name = "Supplier 2"; Value = "Digi-Key"; VariantName = "[No Variations]"
Add component (AddParameter): Name = "Supplier Part Number 1"; Value = "311-1018-1-ND"; VariantName = "[No Variations]"
Add component (AddParameter): Name = "Supplier Part Number 2"; Value = "399-1197-1-ND"; VariantName = "[No Variations]"
Add component (AddParameter): Name = "TC1"; Value = "0"; VariantName = "[No Variations]"
Add component (AddParameter): Name = "TC2"; Value = "0"; VariantName = "[No Variations]"
Add component (AddParameter): Name = "TOLERANCE"; Value = ""; VariantName = "[No Variations]"
Add component (AddParameter): Name = "Value"; Value = ".1uF"; VariantName = "[No Variations]"
Add component (AddParameter): Name = "VOLTAGE"; Value = "CMAX"; VariantName = "[No Variations]"
Added Component: Designator=C8(0402[IMP])
Add component. Clean all parameters for all variants
Add component (AddParameter): Name = "CLASS"; Value = "DISCRETE"; VariantName = "[No Variations]"
Add component (AddParameter): Name = "CURRENT"; Value = "CIMAX"; VariantName = "[No Variations]"
Add component (AddParameter): Name = "DIST"; Value = "FLAT"; VariantName = "[No Variations]"
Add component (AddParameter): Name = "IC"; Value = ""; VariantName = "[No Variations]"
Add component (AddParameter): Name = "KNEE"; Value = "CBMAX"; VariantName = "[No Variations]"
Add component (AddParameter): Name = "MAX_TEMP"; Value = "CTMAX"; VariantName = "[No Variations]"
Add component (AddParameter): Name = "PSpiceTemplate"; Value = "C^@REFDES %1 %2 ?TOLERANCE|C^@REFDES| @VALUE ?IC/IC=@IC/ TC=@TC1,@TC2 ?TOLERANCE|\n.model C^@REFDES CAP C=1 DEV=@TOLERANCE%|"; VariantName = "[No Variations]"
Add component (AddParameter): Name = "SLOPE"; Value = "CSMAX"; VariantName = "[No Variations]"
Add component (AddParameter): Name = "Supplier 1"; Value = "Digi-Key"; VariantName = "[No Variations]"
Add component (AddParameter): Name = "Supplier 2"; Value = "Digi-Key"; VariantName = "[No Variations]"
Add component (AddParameter): Name = "Supplier Part Number 1"; Value = "311-1018-1-ND"; VariantName = "[No Variations]"
Add component (AddParameter): Name = "Supplier Part Number 2"; Value = "399-1197-1-ND"; VariantName = "[No Variations]"
Add component (AddParameter): Name = "TC1"; Value = "0"; VariantName = "[No Variations]"
Add component (AddParameter): Name = "TC2"; Value = "0"; VariantName = "[No Variations]"
Add component (AddParameter): Name = "TOLERANCE"; Value = ""; VariantName = "[No Variations]"
Add component (AddParameter): Name = "Value"; Value = "10uF"; VariantName = "[No Variations]"
Add component (AddParameter): Name = "VOLTAGE"; Value = "CMAX"; VariantName = "[No Variations]"
Added Pin To Net: NetName=GND1 Pin=C5-1
Added Pin To Net: NetName=VCC1 Pin=C5-2
Added Pin To Net: NetName=GND1 Pin=C6-1
Added Pin To Net: NetName=VCC1 Pin=C6-2
Added Pin To Net: NetName=GND1 Pin=C7-1
Added Pin To Net: NetName=VCC1 Pin=C7-2
Added Pin To Net: NetName=GND1 Pin=C8-1
Added Pin To Net: NetName=VCC1 Pin=C8-2
Added Member To Class: ClassName=Active_Electrode Member=Component C7 .1uF
Added Member To Class: ClassName=Active_Electrode Member=Component C8 10uF
